<?xml version="1.0" encoding="UTF-8"?>
<testsuite name="CommentServiceTest" tests="1" skipped="0" failures="0" errors="0" timestamp="2017-12-04T22:41:45" hostname="Johns-MacBook-Air.local" time="0.083">
  <properties/>
  <testcase name="testCreateAndFindComment" classname="CommentServiceTest" time="0.083"/>
  <system-out><![CDATA[2017-12-04 16:41:45.776  INFO 6202 --- [    Test worker] .b.t.c.SpringBootTestContextBootstrapper : Neither @ContextConfiguration nor @ContextHierarchy found for test class [CommentServiceTest], using SpringBootContextLoader
2017-12-04 16:41:45.777  INFO 6202 --- [    Test worker] o.s.t.c.support.AbstractContextLoader    : Could not detect default resource locations for test class [CommentServiceTest]: no resource found for suffixes {-context.xml, Context.groovy}.
2017-12-04 16:41:45.783  INFO 6202 --- [    Test worker] .b.t.c.SpringBootTestContextBootstrapper : Loaded default TestExecutionListener class names from location [META-INF/spring.factories]: [org.springframework.boot.test.autoconfigure.restdocs.RestDocsTestExecutionListener, org.springframework.boot.test.autoconfigure.web.client.MockRestServiceServerResetTestExecutionListener, org.springframework.boot.test.autoconfigure.web.servlet.MockMvcPrintOnlyOnFailureTestExecutionListener, org.springframework.boot.test.autoconfigure.web.servlet.WebDriverTestExecutionListener, org.springframework.boot.test.mock.mockito.MockitoTestExecutionListener, org.springframework.boot.test.mock.mockito.ResetMocksTestExecutionListener, org.springframework.test.context.web.ServletTestExecutionListener, org.springframework.test.context.support.DirtiesContextBeforeModesTestExecutionListener, org.springframework.test.context.support.DependencyInjectionTestExecutionListener, org.springframework.test.context.support.DirtiesContextTestExecutionListener, org.springframework.test.context.transaction.TransactionalTestExecutionListener, org.springframework.test.context.jdbc.SqlScriptsTestExecutionListener]
2017-12-04 16:41:45.787  INFO 6202 --- [    Test worker] .b.t.c.SpringBootTestContextBootstrapper : Using TestExecutionListeners: [org.springframework.test.context.web.ServletTestExecutionListener@77b9a90, org.springframework.test.context.support.DirtiesContextBeforeModesTestExecutionListener@3a516e3d, org.springframework.boot.test.autoconfigure.SpringBootDependencyInjectionTestExecutionListener@3c037c3e, org.springframework.test.context.support.DirtiesContextTestExecutionListener@72beae99, org.springframework.test.context.transaction.TransactionalTestExecutionListener@294a0544, org.springframework.test.context.jdbc.SqlScriptsTestExecutionListener@185bb6d6, org.springframework.boot.test.autoconfigure.web.servlet.WebDriverTestExecutionListener@3f1ecb6f, org.springframework.boot.test.autoconfigure.web.client.MockRestServiceServerResetTestExecutionListener@38d36073, org.springframework.boot.test.autoconfigure.web.servlet.MockMvcPrintOnlyOnFailureTestExecutionListener@414a2208, org.springframework.boot.test.mock.mockito.MockitoTestExecutionListener@4e2d1f1, org.springframework.boot.test.autoconfigure.restdocs.RestDocsTestExecutionListener@4d6e37b1, org.springframework.boot.test.mock.mockito.ResetMocksTestExecutionListener@6e1d1697]
]]></system-out>
  <system-err><![CDATA[]]></system-err>
</testsuite>
